Using pre-set license
Built from '2020.3/staging' branch; Version is '2020.3.18f1 (a7d1c678663c) revision 10998214'; Using compiler version '192528614'; Build Type 'Release'
OS: 'Windows 10 Home; OS build 19043.1526; Version 2009; 64bit' Language: 'fr' Physical Memory: 16310 MB
BatchMode: 1, IsHumanControllingUs: 0, StartBugReporterOnCrash: 0, Is64bit: 1, IsPro: 0

COMMAND LINE ARGUMENTS:
C:\Program Files\Unity\2020.3.18f1\Editor\Unity.exe
-adb2
-batchMode
-noUpm
-name
AssetImportWorker0
-projectPath
C:/Unity Games/Project Files/GotM 2 - PureFun
-logFile
Logs/AssetImportWorker0.log
-srvPort
64327
Successfully changed project path to: C:/Unity Games/Project Files/GotM 2 - PureFun
C:/Unity Games/Project Files/GotM 2 - PureFun
Using Asset Import Pipeline V2.
Refreshing native plugins compatible for Editor in 28.19 ms, found 2 plugins.
Preloading 0 native plugins for Editor in 0.00 ms.
Initialize engine version: 2020.3.18f1 (a7d1c678663c)
[Subsystems] Discovering subsystems at path C:/Program Files/Unity/2020.3.18f1/Editor/Data/Resources/UnitySubsystems
[Subsystems] Discovering subsystems at path C:/Unity Games/Project Files/GotM 2 - PureFun/Assets
GfxDevice: creating device client; threaded=0
Direct3D:
    Version:  Direct3D 11.0 [level 11.1]
    Renderer: NVIDIA GeForce RTX 3060 (ID=0x2504)
    Vendor:   
    VRAM:     12143 MB
    Driver:   30.0.14.7212
Initialize mono
Mono path[0] = 'C:/Program Files/Unity/2020.3.18f1/Editor/Data/Managed'
Mono path[1] = 'C:/Program Files/Unity/2020.3.18f1/Editor/Data/MonoBleedingEdge/lib/mono/unityjit'
Mono config path = 'C:/Program Files/Unity/2020.3.18f1/Editor/Data/MonoBleedingEdge/etc'
Using monoOptions --debugger-agent=transport=dt_socket,embedding=1,server=y,suspend=n,address=127.0.0.1:56080
Begin MonoManager ReloadAssembly
Registering precompiled unity dll's ...
Register platform support module: C:/Program Files/Unity/2020.3.18f1/Editor/Data/PlaybackEngines/WebGLSupport/UnityEditor.WebGL.Extensions.dll
Register platform support module: C:/Program Files/Unity/2020.3.18f1/Editor/Data/PlaybackEngines/WindowsStandaloneSupport/UnityEditor.WindowsStandalone.Extensions.dll
Registered in 0.002380 seconds.
Native extension for WindowsStandalone target not found
Native extension for WebGL target not found
Refreshing native plugins compatible for Editor in 27.28 ms, found 2 plugins.
Preloading 0 native plugins for Editor in 0.00 ms.
Mono: successfully reloaded assembly
- Completed reload, in  0.971 seconds
Domain Reload Profiling:
	ReloadAssembly (971ms)
		BeginReloadAssembly (43ms)
			ExecutionOrderSort (0ms)
			DisableScriptedObjects (0ms)
			BackupInstance (0ms)
			ReleaseScriptingObjects (0ms)
			CreateAndSetChildDomain (1ms)
		EndReloadAssembly (294ms)
			LoadAssemblies (41ms)
			RebuildTransferFunctionScriptingTraits (0ms)
			SetupTypeCache (101ms)
			ReleaseScriptCaches (0ms)
			RebuildScriptCaches (21ms)
			SetupLoadedEditorAssemblies (123ms)
				LogAssemblyErrors (0ms)
				InitializePlatformSupportModulesInManaged (4ms)
				SetLoadedEditorAssemblies (0ms)
				RefreshPlugins (27ms)
				BeforeProcessingInitializeOnLoad (10ms)
				ProcessInitializeOnLoadAttributes (61ms)
				ProcessInitializeOnLoadMethodAttributes (20ms)
				AfterProcessingInitializeOnLoad (0ms)
				EditorAssembliesLoaded (0ms)
			ExecutionOrderSort2 (0ms)
			AwakeInstancesAfterBackupRestoration (0ms)
Platform modules already initialized, skipping
Registering precompiled user dll's ...
Registered in 0.003410 seconds.
Begin MonoManager ReloadAssembly
Native extension for WindowsStandalone target not found
Native extension for WebGL target not found
Refreshing native plugins compatible for Editor in 27.76 ms, found 2 plugins.
Preloading 0 native plugins for Editor in 0.00 ms.
Mono: successfully reloaded assembly
- Completed reload, in  0.791 seconds
Domain Reload Profiling:
	ReloadAssembly (792ms)
		BeginReloadAssembly (111ms)
			ExecutionOrderSort (0ms)
			DisableScriptedObjects (3ms)
			BackupInstance (0ms)
			ReleaseScriptingObjects (0ms)
			CreateAndSetChildDomain (19ms)
		EndReloadAssembly (633ms)
			LoadAssemblies (70ms)
			RebuildTransferFunctionScriptingTraits (0ms)
			SetupTypeCache (187ms)
			ReleaseScriptCaches (0ms)
			RebuildScriptCaches (32ms)
			SetupLoadedEditorAssemblies (271ms)
				LogAssemblyErrors (0ms)
				InitializePlatformSupportModulesInManaged (4ms)
				SetLoadedEditorAssemblies (0ms)
				RefreshPlugins (28ms)
				BeforeProcessingInitializeOnLoad (55ms)
				ProcessInitializeOnLoadAttributes (175ms)
				ProcessInitializeOnLoadMethodAttributes (3ms)
				AfterProcessingInitializeOnLoad (6ms)
				EditorAssembliesLoaded (0ms)
			ExecutionOrderSort2 (0ms)
			AwakeInstancesAfterBackupRestoration (4ms)
Platform modules already initialized, skipping
========================================================================
Worker process is ready to serve import requests
Launched and connected shader compiler UnityShaderCompiler.exe after 0.05 seconds
Refreshing native plugins compatible for Editor in 0.41 ms, found 2 plugins.
Preloading 0 native plugins for Editor in 0.00 ms.
Unloading 1861 Unused Serialized files (Serialized files now loaded: 0)
System memory in use before: 82.2 MB.
System memory in use after: 82.3 MB.

Unloading 19 unused Assets to reduce memory usage. Loaded Objects now: 2300.
Total: 2.890800 ms (FindLiveObjects: 0.189100 ms CreateObjectMapping: 0.050500 ms MarkObjects: 2.551600 ms  DeleteObjects: 0.098700 ms)

AssetImportParameters requested are different than current active one (requested -> active):
  custom:framework-win-MediaFoundation: 216162199b28c13a410421893ffa2e32 -> 
  custom:video-decoder-ogg-theora: a1e56fd34408186e4bbccfd4996cb3dc -> 
  custom:container-muxer-webm: aa71ff27fc2769a1b78a27578f13a17b -> 
  custom:container-demuxer-webm: 4f35f7cbe854078d1ac9338744f61a02 -> 
  custom:container-demuxer-ogg: 62fdf1f143b41e24485cea50d1cbac27 -> 
  custom:video-encoder-webm-vp8: eb34c28f22e8b96e1ab97ce403110664 -> 
  custom:video-decoder-webm-vp8: 9c59270c3fd7afecdb556c50c9e8de78 -> 
  custom:audio-decoder-ogg-vorbis: bf7c407c2cedff20999df2af8eb42d56 -> 
  custom:audio-encoder-webm-vorbis: bf7c407c2cedff20999df2af8eb42d56 -> 
========================================================================
Received Import Request.
  path: Assets/Models/DefaultTube.fbx
  artifactKey: Guid(91fa37b69a6ef4a4f89ffc91e0aa766e) Importer(815301076,1909f56bfc062723c751e8b465ee728b)
Start importing Assets/Models/DefaultTube.fbx using Guid(91fa37b69a6ef4a4f89ffc91e0aa766e) Importer(815301076,1909f56bfc062723c751e8b465ee728b)  -> (artifact id: 'aac22eff9a1ddd463ded77b770e05285') in 0.116417 seconds 
  Import took 0.119802 seconds .

========================================================================
Received Import Request.
  Time since last request: 0.736428 seconds.
  path: Assets/Models/DefaultTube.fbx
  artifactKey: Guid(91fa37b69a6ef4a4f89ffc91e0aa766e) Importer(815301076,1909f56bfc062723c751e8b465ee728b)
Start importing Assets/Models/DefaultTube.fbx using Guid(91fa37b69a6ef4a4f89ffc91e0aa766e) Importer(815301076,1909f56bfc062723c751e8b465ee728b)  -> (artifact id: '31d9408cdb02564a48c7df3e9f37a3cc') in 0.012578 seconds 
  Import took 0.015309 seconds .

========================================================================
Received Import Request.
  Time since last request: 0.000618 seconds.
  path: Assets/Models/DefaultTube.fbx
  artifactKey: Guid(91fa37b69a6ef4a4f89ffc91e0aa766e) Importer(815301076,1909f56bfc062723c751e8b465ee728b)
Start importing Assets/Models/DefaultTube.fbx using Guid(91fa37b69a6ef4a4f89ffc91e0aa766e) Importer(815301076,1909f56bfc062723c751e8b465ee728b)  -> (artifact id: '31d9408cdb02564a48c7df3e9f37a3cc') in 0.016587 seconds 
  Import took 0.019080 seconds .

========================================================================
Received Import Request.
  Time since last request: 17.719323 seconds.
  path: Assets/Scripts/UI/DragAndDropBlocksUI.cs
  artifactKey: Guid(425f72d82999584499a6d833868adece) Importer(815301076,1909f56bfc062723c751e8b465ee728b)
Start importing Assets/Scripts/UI/DragAndDropBlocksUI.cs using Guid(425f72d82999584499a6d833868adece) Importer(815301076,1909f56bfc062723c751e8b465ee728b)  -> (artifact id: '5128b349a5d10c97f11aafc6817ed3fe') in 0.006534 seconds 
  Import took 0.009246 seconds .

========================================================================
Received Import Request.
  Time since last request: 0.001159 seconds.
  path: Assets/Scripts/UI/DragAndDropBlocksUI.cs
  artifactKey: Guid(425f72d82999584499a6d833868adece) Importer(815301076,1909f56bfc062723c751e8b465ee728b)
Start importing Assets/Scripts/UI/DragAndDropBlocksUI.cs using Guid(425f72d82999584499a6d833868adece) Importer(815301076,1909f56bfc062723c751e8b465ee728b)  -> (artifact id: '5128b349a5d10c97f11aafc6817ed3fe') in 0.003789 seconds 
  Import took 0.006754 seconds .

========================================================================
Received Import Request.
  Time since last request: 0.703991 seconds.
  path: Assets/Scripts/UI/BlocksInteractionButtonsUI.cs
  artifactKey: Guid(5fe11c0284024ca4295439199f544422) Importer(815301076,1909f56bfc062723c751e8b465ee728b)
Start importing Assets/Scripts/UI/BlocksInteractionButtonsUI.cs using Guid(5fe11c0284024ca4295439199f544422) Importer(815301076,1909f56bfc062723c751e8b465ee728b)  -> (artifact id: '6d755d6cab7a544a83d72c73cf402735') in 0.004475 seconds 
  Import took 0.007377 seconds .

========================================================================
Received Import Request.
  Time since last request: 0.436824 seconds.
  path: Assets/Scripts/UI/BlocksDADPreview.cs
  artifactKey: Guid(4826b4e2ec8cb324d9d1e5889823d655) Importer(815301076,1909f56bfc062723c751e8b465ee728b)
Start importing Assets/Scripts/UI/BlocksDADPreview.cs using Guid(4826b4e2ec8cb324d9d1e5889823d655) Importer(815301076,1909f56bfc062723c751e8b465ee728b)  -> (artifact id: '74638c781d624870f78632a4c8c8e4d0') in 0.003943 seconds 
  Import took 0.006926 seconds .

========================================================================
Received Import Request.
  Time since last request: 5.372014 seconds.
  path: Assets/Scripts/BuildManager/BuildManager.cs
  artifactKey: Guid(6d1eec5b94b47e14e821f86829cf0720) Importer(815301076,1909f56bfc062723c751e8b465ee728b)
Start importing Assets/Scripts/BuildManager/BuildManager.cs using Guid(6d1eec5b94b47e14e821f86829cf0720) Importer(815301076,1909f56bfc062723c751e8b465ee728b)  -> (artifact id: 'e1855e7f91456d5ed74b5c91b6708a51') in 0.004683 seconds 
  Import took 0.008112 seconds .

========================================================================
Received Import Request.
  Time since last request: 15.755454 seconds.
  path: Assets/ScriptableObjects/BlockPreview.asset
  artifactKey: Guid(5ea8c0ad88c942c43ae6ba4f943e0d5a) Importer(815301076,1909f56bfc062723c751e8b465ee728b)
Start importing Assets/ScriptableObjects/BlockPreview.asset using Guid(5ea8c0ad88c942c43ae6ba4f943e0d5a) Importer(815301076,1909f56bfc062723c751e8b465ee728b)  -> (artifact id: '96ac9056122fb65429a8c0df8ce07c69') in 0.009043 seconds 
  Import took 0.011764 seconds .

========================================================================
Received Import Request.
  Time since last request: 61.359075 seconds.
  path: Assets/Models/DefaultTube.fbx
  artifactKey: Guid(91fa37b69a6ef4a4f89ffc91e0aa766e) Importer(815301076,1909f56bfc062723c751e8b465ee728b)
Start importing Assets/Models/DefaultTube.fbx using Guid(91fa37b69a6ef4a4f89ffc91e0aa766e) Importer(815301076,1909f56bfc062723c751e8b465ee728b)  -> (artifact id: 'e716cb034d26a0bae1c5f2249581d6b6') in 0.017765 seconds 
  Import took 0.022022 seconds .

========================================================================
Received Prepare
Registering precompiled user dll's ...
Registered in 0.002807 seconds.
Begin MonoManager ReloadAssembly
Native extension for WindowsStandalone target not found
Native extension for WebGL target not found
Refreshing native plugins compatible for Editor in 0.42 ms, found 2 plugins.
Preloading 0 native plugins for Editor in 0.00 ms.
Mono: successfully reloaded assembly
- Completed reload, in  0.786 seconds
Domain Reload Profiling:
	ReloadAssembly (787ms)
		BeginReloadAssembly (105ms)
			ExecutionOrderSort (0ms)
			DisableScriptedObjects (3ms)
			BackupInstance (0ms)
			ReleaseScriptingObjects (0ms)
			CreateAndSetChildDomain (30ms)
		EndReloadAssembly (633ms)
			LoadAssemblies (69ms)
			RebuildTransferFunctionScriptingTraits (0ms)
			SetupTypeCache (206ms)
			ReleaseScriptCaches (1ms)
			RebuildScriptCaches (28ms)
			SetupLoadedEditorAssemblies (260ms)
				LogAssemblyErrors (0ms)
				InitializePlatformSupportModulesInManaged (4ms)
				SetLoadedEditorAssemblies (0ms)
				RefreshPlugins (0ms)
				BeforeProcessingInitializeOnLoad (64ms)
				ProcessInitializeOnLoadAttributes (179ms)
				ProcessInitializeOnLoadMethodAttributes (3ms)
				AfterProcessingInitializeOnLoad (8ms)
				EditorAssembliesLoaded (0ms)
			ExecutionOrderSort2 (0ms)
			AwakeInstancesAfterBackupRestoration (5ms)
Platform modules already initialized, skipping
Refreshing native plugins compatible for Editor in 0.40 ms, found 2 plugins.
Preloading 0 native plugins for Editor in 0.00 ms.
Unloading 1851 Unused Serialized files (Serialized files now loaded: 0)
System memory in use before: 85.2 MB.
System memory in use after: 85.3 MB.

Unloading 13 unused Assets to reduce memory usage. Loaded Objects now: 2312.
Total: 2.857700 ms (FindLiveObjects: 0.196400 ms CreateObjectMapping: 0.150200 ms MarkObjects: 2.491500 ms  DeleteObjects: 0.018500 ms)

AssetImportParameters requested are different than current active one (requested -> active):
  custom:framework-win-MediaFoundation: 216162199b28c13a410421893ffa2e32 -> 
  custom:video-decoder-ogg-theora: a1e56fd34408186e4bbccfd4996cb3dc -> 
  custom:container-muxer-webm: aa71ff27fc2769a1b78a27578f13a17b -> 
  custom:container-demuxer-webm: 4f35f7cbe854078d1ac9338744f61a02 -> 
  custom:container-demuxer-ogg: 62fdf1f143b41e24485cea50d1cbac27 -> 
  custom:video-encoder-webm-vp8: eb34c28f22e8b96e1ab97ce403110664 -> 
  custom:video-decoder-webm-vp8: 9c59270c3fd7afecdb556c50c9e8de78 -> 
  custom:audio-decoder-ogg-vorbis: bf7c407c2cedff20999df2af8eb42d56 -> 
  custom:audio-encoder-webm-vorbis: bf7c407c2cedff20999df2af8eb42d56 -> 
========================================================================
Received Prepare
Registering precompiled user dll's ...
Registered in 0.002888 seconds.
Begin MonoManager ReloadAssembly
Native extension for WindowsStandalone target not found
Native extension for WebGL target not found
Refreshing native plugins compatible for Editor in 0.39 ms, found 2 plugins.
Preloading 0 native plugins for Editor in 0.00 ms.
Mono: successfully reloaded assembly
- Completed reload, in  0.712 seconds
Domain Reload Profiling:
	ReloadAssembly (713ms)
		BeginReloadAssembly (96ms)
			ExecutionOrderSort (0ms)
			DisableScriptedObjects (3ms)
			BackupInstance (0ms)
			ReleaseScriptingObjects (0ms)
			CreateAndSetChildDomain (30ms)
		EndReloadAssembly (570ms)
			LoadAssemblies (68ms)
			RebuildTransferFunctionScriptingTraits (0ms)
			SetupTypeCache (186ms)
			ReleaseScriptCaches (1ms)
			RebuildScriptCaches (26ms)
			SetupLoadedEditorAssemblies (226ms)
				LogAssemblyErrors (0ms)
				InitializePlatformSupportModulesInManaged (4ms)
				SetLoadedEditorAssemblies (0ms)
				RefreshPlugins (0ms)
				BeforeProcessingInitializeOnLoad (58ms)
				ProcessInitializeOnLoadAttributes (154ms)
				ProcessInitializeOnLoadMethodAttributes (3ms)
				AfterProcessingInitializeOnLoad (6ms)
				EditorAssembliesLoaded (0ms)
			ExecutionOrderSort2 (0ms)
			AwakeInstancesAfterBackupRestoration (5ms)
Platform modules already initialized, skipping
Refreshing native plugins compatible for Editor in 0.40 ms, found 2 plugins.
Preloading 0 native plugins for Editor in 0.00 ms.
Unloading 1851 Unused Serialized files (Serialized files now loaded: 0)
System memory in use before: 85.2 MB.
System memory in use after: 85.3 MB.

Unloading 12 unused Assets to reduce memory usage. Loaded Objects now: 2314.
Total: 2.599800 ms (FindLiveObjects: 0.189600 ms CreateObjectMapping: 0.043800 ms MarkObjects: 2.350800 ms  DeleteObjects: 0.014700 ms)

AssetImportParameters requested are different than current active one (requested -> active):
  custom:framework-win-MediaFoundation: 216162199b28c13a410421893ffa2e32 -> 
  custom:video-decoder-ogg-theora: a1e56fd34408186e4bbccfd4996cb3dc -> 
  custom:container-muxer-webm: aa71ff27fc2769a1b78a27578f13a17b -> 
  custom:container-demuxer-webm: 4f35f7cbe854078d1ac9338744f61a02 -> 
  custom:container-demuxer-ogg: 62fdf1f143b41e24485cea50d1cbac27 -> 
  custom:video-encoder-webm-vp8: eb34c28f22e8b96e1ab97ce403110664 -> 
  custom:video-decoder-webm-vp8: 9c59270c3fd7afecdb556c50c9e8de78 -> 
  custom:audio-decoder-ogg-vorbis: bf7c407c2cedff20999df2af8eb42d56 -> 
  custom:audio-encoder-webm-vorbis: bf7c407c2cedff20999df2af8eb42d56 -> 
========================================================================
Received Import Request.
  Time since last request: 528.881301 seconds.
  path: Assets/Prefabs/DefaultTube_HomemadeColliders.prefab
  artifactKey: Guid(2bed30f3d9f82f448b53251ff69047bd) Importer(815301076,1909f56bfc062723c751e8b465ee728b)
Start importing Assets/Prefabs/DefaultTube_HomemadeColliders.prefab using Guid(2bed30f3d9f82f448b53251ff69047bd) Importer(815301076,1909f56bfc062723c751e8b465ee728b)  -> (artifact id: '257d4bcfc445eb7a26b4263645dc68b0') in 0.046954 seconds 
  Import took 0.050230 seconds .

========================================================================
Received Import Request.
  Time since last request: 0.001961 seconds.
  path: Assets/Prefabs/DefaultTube_HomemadeColliders.prefab
  artifactKey: Guid(2bed30f3d9f82f448b53251ff69047bd) Importer(815301076,1909f56bfc062723c751e8b465ee728b)
Start importing Assets/Prefabs/DefaultTube_HomemadeColliders.prefab using Guid(2bed30f3d9f82f448b53251ff69047bd) Importer(815301076,1909f56bfc062723c751e8b465ee728b)  -> (artifact id: '257d4bcfc445eb7a26b4263645dc68b0') in 0.025031 seconds 
  Import took 0.028219 seconds .

========================================================================
Received Import Request.
  Time since last request: 90.272905 seconds.
  path: Assets/Prefabs/DefaultTube_HomemadeColliders.prefab
  artifactKey: Guid(2bed30f3d9f82f448b53251ff69047bd) Importer(815301076,1909f56bfc062723c751e8b465ee728b)
Start importing Assets/Prefabs/DefaultTube_HomemadeColliders.prefab using Guid(2bed30f3d9f82f448b53251ff69047bd) Importer(815301076,1909f56bfc062723c751e8b465ee728b)  -> (artifact id: '81bcd3e8fdde8ccb3b155fa706808b40') in 0.013962 seconds 
  Import took 0.017286 seconds .

========================================================================
Received Import Request.
  Time since last request: 10.738999 seconds.
  path: Assets/Prefabs/DefaultTube_HomemadeColliders.prefab
  artifactKey: Guid(2bed30f3d9f82f448b53251ff69047bd) Importer(815301076,1909f56bfc062723c751e8b465ee728b)
Start importing Assets/Prefabs/DefaultTube_HomemadeColliders.prefab using Guid(2bed30f3d9f82f448b53251ff69047bd) Importer(815301076,1909f56bfc062723c751e8b465ee728b)  -> (artifact id: '4470e09bbf7df8a65e6b6c262f5249ea') in 0.013365 seconds 
  Import took 0.016602 seconds .

========================================================================
Received Import Request.
  Time since last request: 0.000290 seconds.
  path: Assets/Prefabs/DefaultTube_HomemadeColliders.prefab
  artifactKey: Guid(2bed30f3d9f82f448b53251ff69047bd) Importer(815301076,1909f56bfc062723c751e8b465ee728b)
Start importing Assets/Prefabs/DefaultTube_HomemadeColliders.prefab using Guid(2bed30f3d9f82f448b53251ff69047bd) Importer(815301076,1909f56bfc062723c751e8b465ee728b)  -> (artifact id: '4470e09bbf7df8a65e6b6c262f5249ea') in 0.018425 seconds 
  Import took 0.021082 seconds .

========================================================================
Received Prepare
Registering precompiled user dll's ...
Registered in 0.002967 seconds.
Begin MonoManager ReloadAssembly
Native extension for WindowsStandalone target not found
Native extension for WebGL target not found
Refreshing native plugins compatible for Editor in 0.39 ms, found 2 plugins.
Preloading 0 native plugins for Editor in 0.00 ms.
Mono: successfully reloaded assembly
- Completed reload, in  0.705 seconds
Domain Reload Profiling:
	ReloadAssembly (705ms)
		BeginReloadAssembly (97ms)
			ExecutionOrderSort (0ms)
			DisableScriptedObjects (3ms)
			BackupInstance (0ms)
			ReleaseScriptingObjects (0ms)
			CreateAndSetChildDomain (31ms)
		EndReloadAssembly (561ms)
			LoadAssemblies (66ms)
			RebuildTransferFunctionScriptingTraits (0ms)
			SetupTypeCache (176ms)
			ReleaseScriptCaches (1ms)
			RebuildScriptCaches (26ms)
			SetupLoadedEditorAssemblies (229ms)
				LogAssemblyErrors (0ms)
				InitializePlatformSupportModulesInManaged (4ms)
				SetLoadedEditorAssemblies (0ms)
				RefreshPlugins (0ms)
				BeforeProcessingInitializeOnLoad (58ms)
				ProcessInitializeOnLoadAttributes (157ms)
				ProcessInitializeOnLoadMethodAttributes (3ms)
				AfterProcessingInitializeOnLoad (7ms)
				EditorAssembliesLoaded (0ms)
			ExecutionOrderSort2 (0ms)
			AwakeInstancesAfterBackupRestoration (5ms)
Platform modules already initialized, skipping
Refreshing native plugins compatible for Editor in 0.38 ms, found 2 plugins.
Preloading 0 native plugins for Editor in 0.00 ms.
Unloading 1851 Unused Serialized files (Serialized files now loaded: 0)
System memory in use before: 85.3 MB.
System memory in use after: 85.4 MB.

Unloading 12 unused Assets to reduce memory usage. Loaded Objects now: 2317.
Total: 2.587700 ms (FindLiveObjects: 0.185400 ms CreateObjectMapping: 0.052300 ms MarkObjects: 2.336800 ms  DeleteObjects: 0.012500 ms)

AssetImportParameters requested are different than current active one (requested -> active):
  custom:framework-win-MediaFoundation: 216162199b28c13a410421893ffa2e32 -> 
  custom:video-decoder-ogg-theora: a1e56fd34408186e4bbccfd4996cb3dc -> 
  custom:container-muxer-webm: aa71ff27fc2769a1b78a27578f13a17b -> 
  custom:container-demuxer-webm: 4f35f7cbe854078d1ac9338744f61a02 -> 
  custom:container-demuxer-ogg: 62fdf1f143b41e24485cea50d1cbac27 -> 
  custom:video-encoder-webm-vp8: eb34c28f22e8b96e1ab97ce403110664 -> 
  custom:video-decoder-webm-vp8: 9c59270c3fd7afecdb556c50c9e8de78 -> 
  custom:audio-decoder-ogg-vorbis: bf7c407c2cedff20999df2af8eb42d56 -> 
  custom:audio-encoder-webm-vorbis: bf7c407c2cedff20999df2af8eb42d56 -> 
========================================================================
Received Import Request.
  Time since last request: 37.784634 seconds.
  path: Assets/Models/DefaultTube.fbx
  artifactKey: Guid(91fa37b69a6ef4a4f89ffc91e0aa766e) Importer(815301076,1909f56bfc062723c751e8b465ee728b)
Start importing Assets/Models/DefaultTube.fbx using Guid(91fa37b69a6ef4a4f89ffc91e0aa766e) Importer(815301076,1909f56bfc062723c751e8b465ee728b)  -> (artifact id: 'a8635b404d91bdf33a42af2e770f8824') in 0.053143 seconds 
  Import took 0.056738 seconds .

========================================================================
Received Prepare
Registering precompiled user dll's ...
Registered in 0.002898 seconds.
Begin MonoManager ReloadAssembly
Native extension for WindowsStandalone target not found
Native extension for WebGL target not found
Refreshing native plugins compatible for Editor in 0.39 ms, found 2 plugins.
Preloading 0 native plugins for Editor in 0.00 ms.
Mono: successfully reloaded assembly
- Completed reload, in  0.730 seconds
Domain Reload Profiling:
	ReloadAssembly (731ms)
		BeginReloadAssembly (95ms)
			ExecutionOrderSort (0ms)
			DisableScriptedObjects (3ms)
			BackupInstance (0ms)
			ReleaseScriptingObjects (0ms)
			CreateAndSetChildDomain (30ms)
		EndReloadAssembly (589ms)
			LoadAssemblies (70ms)
			RebuildTransferFunctionScriptingTraits (0ms)
			SetupTypeCache (187ms)
			ReleaseScriptCaches (1ms)
			RebuildScriptCaches (29ms)
			SetupLoadedEditorAssemblies (236ms)
				LogAssemblyErrors (0ms)
				InitializePlatformSupportModulesInManaged (4ms)
				SetLoadedEditorAssemblies (0ms)
				RefreshPlugins (0ms)
				BeforeProcessingInitializeOnLoad (59ms)
				ProcessInitializeOnLoadAttributes (162ms)
				ProcessInitializeOnLoadMethodAttributes (3ms)
				AfterProcessingInitializeOnLoad (7ms)
				EditorAssembliesLoaded (0ms)
			ExecutionOrderSort2 (0ms)
			AwakeInstancesAfterBackupRestoration (5ms)
Platform modules already initialized, skipping
Refreshing native plugins compatible for Editor in 0.42 ms, found 2 plugins.
Preloading 0 native plugins for Editor in 0.00 ms.
Unloading 1851 Unused Serialized files (Serialized files now loaded: 0)
System memory in use before: 85.3 MB.
System memory in use after: 85.4 MB.

Unloading 13 unused Assets to reduce memory usage. Loaded Objects now: 2320.
Total: 2.931400 ms (FindLiveObjects: 0.204100 ms CreateObjectMapping: 0.054500 ms MarkObjects: 2.652900 ms  DeleteObjects: 0.019300 ms)

AssetImportParameters requested are different than current active one (requested -> active):
  custom:framework-win-MediaFoundation: 216162199b28c13a410421893ffa2e32 -> 
  custom:video-decoder-ogg-theora: a1e56fd34408186e4bbccfd4996cb3dc -> 
  custom:container-muxer-webm: aa71ff27fc2769a1b78a27578f13a17b -> 
  custom:container-demuxer-webm: 4f35f7cbe854078d1ac9338744f61a02 -> 
  custom:container-demuxer-ogg: 62fdf1f143b41e24485cea50d1cbac27 -> 
  custom:video-encoder-webm-vp8: eb34c28f22e8b96e1ab97ce403110664 -> 
  custom:video-decoder-webm-vp8: 9c59270c3fd7afecdb556c50c9e8de78 -> 
  custom:audio-decoder-ogg-vorbis: bf7c407c2cedff20999df2af8eb42d56 -> 
  custom:audio-encoder-webm-vorbis: bf7c407c2cedff20999df2af8eb42d56 -> 
========================================================================
Received Import Request.
  Time since last request: 200.750710 seconds.
  path: Assets/Textures/DefaultTube_Icon.jpg
  artifactKey: Guid(0699e24eda1b47b42b53e6129111d72b) Importer(815301076,1909f56bfc062723c751e8b465ee728b)
Start importing Assets/Textures/DefaultTube_Icon.jpg using Guid(0699e24eda1b47b42b53e6129111d72b) Importer(815301076,1909f56bfc062723c751e8b465ee728b)  -> (artifact id: 'cdc71d9286bf1c2f2a85be1fff441f1f') in 0.042733 seconds 
  Import took 0.046088 seconds .

========================================================================
Received Import Request.
  Time since last request: 6.163466 seconds.
  path: Assets/Textures/DefaultTube_Icon.jpg
  artifactKey: Guid(0699e24eda1b47b42b53e6129111d72b) Importer(815301076,1909f56bfc062723c751e8b465ee728b)
Start importing Assets/Textures/DefaultTube_Icon.jpg using Guid(0699e24eda1b47b42b53e6129111d72b) Importer(815301076,1909f56bfc062723c751e8b465ee728b)  -> (artifact id: '00a47c8171a142963898732b8453b61b') in 0.021170 seconds 
  Import took 0.024279 seconds .

========================================================================
Received Import Request.
  Time since last request: 61.384163 seconds.
  path: Assets/Materials/Default/MarbleMaterial.mat
  artifactKey: Guid(161cb7b4632ee894697ef37ef12e60e5) Importer(815301076,1909f56bfc062723c751e8b465ee728b)
Start importing Assets/Materials/Default/MarbleMaterial.mat using Guid(161cb7b4632ee894697ef37ef12e60e5) Importer(815301076,1909f56bfc062723c751e8b465ee728b)  -> (artifact id: '15b63d6c997c83600c6027b556bf3383') in 0.035033 seconds 
  Import took 0.037984 seconds .

========================================================================
Received Prepare
Registering precompiled user dll's ...
Registered in 0.002818 seconds.
Begin MonoManager ReloadAssembly
Native extension for WindowsStandalone target not found
Native extension for WebGL target not found
Refreshing native plugins compatible for Editor in 0.41 ms, found 2 plugins.
Preloading 0 native plugins for Editor in 0.00 ms.
Mono: successfully reloaded assembly
- Completed reload, in  0.713 seconds
Domain Reload Profiling:
	ReloadAssembly (713ms)
		BeginReloadAssembly (99ms)
			ExecutionOrderSort (0ms)
			DisableScriptedObjects (3ms)
			BackupInstance (0ms)
			ReleaseScriptingObjects (0ms)
			CreateAndSetChildDomain (30ms)
		EndReloadAssembly (567ms)
			LoadAssemblies (69ms)
			RebuildTransferFunctionScriptingTraits (0ms)
			SetupTypeCache (178ms)
			ReleaseScriptCaches (1ms)
			RebuildScriptCaches (26ms)
			SetupLoadedEditorAssemblies (228ms)
				LogAssemblyErrors (0ms)
				InitializePlatformSupportModulesInManaged (5ms)
				SetLoadedEditorAssemblies (0ms)
				RefreshPlugins (0ms)
				BeforeProcessingInitializeOnLoad (59ms)
				ProcessInitializeOnLoadAttributes (154ms)
				ProcessInitializeOnLoadMethodAttributes (3ms)
				AfterProcessingInitializeOnLoad (7ms)
				EditorAssembliesLoaded (0ms)
			ExecutionOrderSort2 (0ms)
			AwakeInstancesAfterBackupRestoration (5ms)
Platform modules already initialized, skipping
Refreshing native plugins compatible for Editor in 0.42 ms, found 2 plugins.
Preloading 0 native plugins for Editor in 0.00 ms.
Unloading 1851 Unused Serialized files (Serialized files now loaded: 0)
System memory in use before: 85.5 MB.
System memory in use after: 85.6 MB.

Unloading 12 unused Assets to reduce memory usage. Loaded Objects now: 2358.
Total: 2.858000 ms (FindLiveObjects: 0.192500 ms CreateObjectMapping: 0.050800 ms MarkObjects: 2.599000 ms  DeleteObjects: 0.015200 ms)

AssetImportParameters requested are different than current active one (requested -> active):
  custom:framework-win-MediaFoundation: 216162199b28c13a410421893ffa2e32 -> 
  custom:video-decoder-ogg-theora: a1e56fd34408186e4bbccfd4996cb3dc -> 
  custom:container-muxer-webm: aa71ff27fc2769a1b78a27578f13a17b -> 
  custom:container-demuxer-webm: 4f35f7cbe854078d1ac9338744f61a02 -> 
  custom:container-demuxer-ogg: 62fdf1f143b41e24485cea50d1cbac27 -> 
  custom:video-encoder-webm-vp8: eb34c28f22e8b96e1ab97ce403110664 -> 
  custom:video-decoder-webm-vp8: 9c59270c3fd7afecdb556c50c9e8de78 -> 
  custom:audio-decoder-ogg-vorbis: bf7c407c2cedff20999df2af8eb42d56 -> 
  custom:audio-encoder-webm-vorbis: bf7c407c2cedff20999df2af8eb42d56 -> 
========================================================================
Received Import Request.
  Time since last request: 96.228971 seconds.
  path: Assets/Prefabs/Marble.prefab
  artifactKey: Guid(3ac3a158a05690d419019ad1f097bc9b) Importer(815301076,1909f56bfc062723c751e8b465ee728b)
Start importing Assets/Prefabs/Marble.prefab using Guid(3ac3a158a05690d419019ad1f097bc9b) Importer(815301076,1909f56bfc062723c751e8b465ee728b)  -> (artifact id: 'a30d1657ed00c9e77ccb148137199ba4') in 0.042681 seconds 
  Import took 0.045941 seconds .

AssetImportWorkerClient::OnTransportError - code=2 error=End of file
